<?xml version="1.0" encoding="UTF-8"?>
<testsuite name="Add Customer Test"
           tests="4"
           failures="0"
           errors="0"
           skipped="1"
           time="12.876">
  <properties />
  
            <testcase name="addCustomerTest" time="0.0" classname="com.mt.testcases.AddCustomerTest">
          <skipped />
    </testcase>
  
            <testcase name="addCustomerTest" time="4.189" classname="com.mt.testcases.AddCustomerTest" />
                <testcase name="addCustomerTest" time="4.175" classname="com.mt.testcases.AddCustomerTest" />
                <testcase name="addCustomerTest" time="4.512" classname="com.mt.testcases.AddCustomerTest" />
      
</testsuite>
