<?xml version="1.0" encoding="UTF-8"?>
<testng-results skipped="0" failed="0" ignored="0" total="2" passed="2">
  <reporter-output>
  </reporter-output>
  <suite name="Page Object Model" duration-ms="11788" started-at="2021-03-23T12:52:18Z" finished-at="2021-03-23T12:52:30Z">
    <groups>
    </groups>
    <test name="Login Test" duration-ms="2048" started-at="2021-03-23T12:52:18Z" finished-at="2021-03-23T12:52:20Z">
      <class name="com.mt.testcases.LoginTest">
        <test-method status="PASS" signature="loginTest(java.util.Hashtable)[pri:0, instance:com.mt.testcases.LoginTest@5ddea849]" name="loginTest" duration-ms="1765" started-at="2021-03-23T12:52:18Z" data-provider="dp" finished-at="2021-03-23T12:52:20Z">
          <params>
            <param index="0">
              <value>
                <![CDATA[{password=zoho@123, runmode=Y, username=shindevs87@gmail.com}]]>
              </value>
            </param>
          </params>
          <reporter-output>
          </reporter-output>
        </test-method> <!-- loginTest -->
      </class> <!-- com.mt.testcases.LoginTest -->
    </test> <!-- Login Test -->
    <test name="Create Account Test" duration-ms="9730" started-at="2021-03-23T12:52:20Z" finished-at="2021-03-23T12:52:30Z">
      <class name="com.mt.testcases.CreateAccountTest">
        <test-method status="PASS" signature="createAccountTest(java.util.Hashtable)[pri:0, instance:com.mt.testcases.CreateAccountTest@5c10f1c3]" name="createAccountTest" duration-ms="9704" started-at="2021-03-23T12:52:20Z" data-provider="dp" finished-at="2021-03-23T12:52:30Z">
          <params>
            <param index="0">
              <value>
                <![CDATA[{accountname=Raman}]]>
              </value>
            </param>
          </params>
          <reporter-output>
          </reporter-output>
        </test-method> <!-- createAccountTest -->
      </class> <!-- com.mt.testcases.CreateAccountTest -->
      <class name="com.mt.testcases.LoginTest">
        <test-method status="PASS" signature="tearDown()[pri:0, instance:com.mt.testcases.LoginTest@5ddea849]" name="tearDown" is-config="true" duration-ms="875" started-at="2021-03-23T12:52:30Z" finished-at="2021-03-23T12:52:31Z">
          <reporter-output>
          </reporter-output>
        </test-method> <!-- tearDown -->
      </class> <!-- com.mt.testcases.LoginTest -->
    </test> <!-- Create Account Test -->
  </suite> <!-- Page Object Model -->
</testng-results>
