<?xml version="1.0" encoding="UTF-8"?>
<!-- Generated by org.testng.reporters.JUnitXMLReporter -->
<testsuite hostname="seljvm" ignored="0" name="Add Customer Test" tests="4" failures="0" timestamp="23 Mar 2021 13:14:51 GMT" time="12.889" errors="0">
  <testcase name="addCustomerTest" time="4.512" classname="com.mt.testcases.AddCustomerTest"/>
  <testcase name="addCustomerTest" time="0.0" classname="com.mt.testcases.AddCustomerTest">
    <skipped/>
  </testcase> <!-- addCustomerTest -->
  <testcase name="addCustomerTest" time="4.175" classname="com.mt.testcases.AddCustomerTest"/>
  <testcase name="addCustomerTest" time="4.189" classname="com.mt.testcases.AddCustomerTest"/>
</testsuite> <!-- Add Customer Test -->
